c:\users\vitor\source\repos\3drenderer\3drenderer\debug\vc142.pdb
c:\users\vitor\source\repos\3drenderer\3drenderer\debug\vc142.idb
c:\users\vitor\source\repos\3drenderer\3drenderer\debug\3drenderer.obj
c:\users\vitor\source\repos\3drenderer\debug\3drenderer.pdb
c:\users\vitor\source\repos\3drenderer\3drenderer\debug\3drenderer.tlog\cl.command.1.tlog
c:\users\vitor\source\repos\3drenderer\3drenderer\debug\3drenderer.tlog\cl.read.1.tlog
c:\users\vitor\source\repos\3drenderer\3drenderer\debug\3drenderer.tlog\cl.write.1.tlog
c:\users\vitor\source\repos\3drenderer\3drenderer\debug\3drenderer.tlog\link-cvtres.read.1.tlog
c:\users\vitor\source\repos\3drenderer\3drenderer\debug\3drenderer.tlog\link-cvtres.write.1.tlog
c:\users\vitor\source\repos\3drenderer\3drenderer\debug\3drenderer.tlog\link-rc.read.1.tlog
c:\users\vitor\source\repos\3drenderer\3drenderer\debug\3drenderer.tlog\link-rc.write.1.tlog
c:\users\vitor\source\repos\3drenderer\3drenderer\debug\3drenderer.tlog\link.35468-cvtres.read.1.tlog
c:\users\vitor\source\repos\3drenderer\3drenderer\debug\3drenderer.tlog\link.35468-cvtres.write.1.tlog
c:\users\vitor\source\repos\3drenderer\3drenderer\debug\3drenderer.tlog\link.35468-rc.read.1.tlog
c:\users\vitor\source\repos\3drenderer\3drenderer\debug\3drenderer.tlog\link.35468-rc.write.1.tlog
c:\users\vitor\source\repos\3drenderer\3drenderer\debug\3drenderer.tlog\link.35468.read.1.tlog
c:\users\vitor\source\repos\3drenderer\3drenderer\debug\3drenderer.tlog\link.35468.write.1.tlog
c:\users\vitor\source\repos\3drenderer\3drenderer\debug\3drenderer.tlog\link.command.1.tlog
c:\users\vitor\source\repos\3drenderer\3drenderer\debug\3drenderer.tlog\link.read.1.tlog
c:\users\vitor\source\repos\3drenderer\3drenderer\debug\3drenderer.tlog\link.write.1.tlog
